<?xml version="1.0" encoding="UTF-8"?>
<!-- Generated by org.testng.reporters.JUnitReportReporter -->
<testsuite hostname="DESKTOP-UAETRNU" failures="0" tests="3" name="seleniumwebdriver.basic.DataProvider1" time="0.015" errors="0" timestamp="2024-10-06T17:29:07 IST" skipped="0">
  <testcase classname="seleniumwebdriver.basic.DataProvider1" name="testLogin" time="0.001"/>
  <testcase classname="seleniumwebdriver.basic.DataProvider1" name="testLogin" time="0.012"/>
  <testcase classname="seleniumwebdriver.basic.DataProvider1" name="testLogin" time="0.002"/>
</testsuite> <!-- seleniumwebdriver.basic.DataProvider1 -->
