<?xml version="1.0" encoding="UTF-8"?>
<!-- Generated by org.testng.reporters.JUnitReportReporter -->
<testsuite hostname="DESKTOP-UAETRNU" failures="0" tests="6" name="seleniumwebdriver.basic.DataProviderWithExcel2" time="0.027" errors="0" timestamp="2024-10-06T18:11:20 IST" skipped="0">
  <testcase classname="seleniumwebdriver.basic.DataProviderWithExcel2" name="testLogin" time="0.002"/>
  <testcase classname="seleniumwebdriver.basic.DataProviderWithExcel2" name="testLogin" time="0.009"/>
  <testcase classname="seleniumwebdriver.basic.DataProviderWithExcel2" name="testLogin" time="0.004"/>
  <testcase classname="seleniumwebdriver.basic.DataProviderWithExcel2" name="testLogin" time="0.002"/>
  <testcase classname="seleniumwebdriver.basic.DataProviderWithExcel2" name="testLogin" time="0.005"/>
  <testcase classname="seleniumwebdriver.basic.DataProviderWithExcel2" name="testLogin" time="0.005"/>
</testsuite> <!-- seleniumwebdriver.basic.DataProviderWithExcel2 -->
