<?xml version="1.0" encoding="UTF-8"?>
<!-- Generated by org.testng.reporters.JUnitReportReporter -->
<testsuite hostname="DESKTOP-UAETRNU" failures="0" tests="1" name="seleniumwebdriver.basic.TendablechallengeTest" time="23.027" errors="0" timestamp="2024-08-03T12:02:15 IST" skipped="0">
  <testcase classname="seleniumwebdriver.basic.TendablechallengeTest" name="verifyErrorMessage" time="23.027"/>
</testsuite> <!-- seleniumwebdriver.basic.TendablechallengeTest -->
