<?xml version="1.0" encoding="UTF-8"?>
<!-- Generated by org.testng.reporters.JUnitReportReporter -->
<testsuite hostname="DESKTOP-UAETRNU" failures="0" tests="1" name="seleniumwebdriver.basic.Scroll" time="25.269" errors="0" timestamp="2024-06-07T09:41:00 IST" skipped="0">
  <testcase classname="seleniumwebdriver.basic.Scroll" name="test" time="25.269"/>
</testsuite> <!-- seleniumwebdriver.basic.Scroll -->
